make.exe all --print-data-base --no-builtin-variables --no-builtin-rules --question
# GNU Make 4.3
# Built for Windows32
# Copyright (C) 1988-2020 Free Software Foundation, Inc.
# License GPLv3+: GNU GPL version 3 or later <http://gnu.org/licenses/gpl.html>
# This is free software: you are free to change and redistribute it.
# There is NO WARRANTY, to the extent permitted by law.
 

# Make data base, printed on Tue Aug 02 20:40:41 2022

# Variables

# environment
SYSTEMDRIVE = C:
# makefile (from 'Makefile', line 9)
TARGET_DIR = target
# environment
LC_ALL = C
# environment
VBOX_HWVIRTEX_IGNORE_SVM_IN_USE = 1
# environment
USERPROFILE = C:\Users\KennyTruong
# environment
LOCALAPPDATA = C:\Users\KennyTruong\AppData\Local
# makefile (from 'Makefile', line 7)
SRC_DIR = src
# environment
VSCODE_CWD = C:\Users\KennyTruong\AppData\Local\Programs\Microsoft VS Code
# environment
SYSTEMROOT = C:\WINDOWS
# environment
PROCESSOR_LEVEL = 23
# environment
PSMODULEPATH = C:\Program Files\WindowsPowerShell\Modules;C:\WINDOWS\system32\WindowsPowerShell\v1.0\Modules
# default
MAKE_COMMAND := make.exe
# environment
CUDA_PATH_V11_2 = C:\Program Files\NVIDIA GPU Computing Toolkit\CUDA\v11.2
# automatic
@D = $(patsubst %/,%,$(patsubst %\,%,$(dir $@)))
# makefile (from 'Makefile', line 5)
OBJ_DIR = obj
# environment
CHROME_CRASHPAD_PIPE_NAME = \\.\pipe\crashpad_11084_WWGQRPKHJYMIHEBW
# environment
VSCODE_HANDLES_UNCAUGHT_ERRORS = true
# default
.VARIABLES := 
# automatic
%D = $(patsubst %/,%,$(patsubst %\,%,$(dir $%)))
# environment
SW_SIM_HYDRA = C:\Program Files\Common Files\SolidWorks Shared\Simulation Worker Agent\
# automatic
^D = $(patsubst %/,%,$(patsubst %\,%,$(dir $^)))
# automatic
%F = $(notdir $%)
# environment
VSCODE_CODE_CACHE_PATH = C:\Users\KennyTruong\AppData\Roaming\Code\CachedData\b06ae3b2d2dbfe28bca3134cc6be65935cdfea6a
# makefile (from 'Makefile', line 11)
DATA_DIR = data
# environment
LANG = C
# default
.LOADED := 
# environment
TMP = C:\Users\KENNYT~1\AppData\Local\Temp
# default
.INCLUDE_DIRS = .
# environment
PROCESSOR_ARCHITEW6432 = AMD64
# makefile
MAKEFLAGS = pqrR
# environment
INTEL_DEV_REDIST = C:\Program Files (x86)\Common Files\Intel\Shared Libraries\
# environment
ONEDRIVE = C:\Users\KennyTruong\OneDrive
# makefile
CURDIR := c:/Users/KennyTruong/Documents/GitHub/CPP_Banking_System
# environment
APPLICATION_INSIGHTS_NO_DIAGNOSTIC_CHANNEL = 1
# makefile (from 'Makefile', line 8)
SRC 
S = src/*.cpp
# automatic
*D = $(patsubst %/,%,$(patsubst %\,%,$(dir $*)))
# environment
PROGRAMFILES = C:\Program Files (x86)
# environment
MFLAGS = -pqrR
# default
.SHELLFLAGS := -c
# environment
COMMONPROGRAMW6432 = C:\Program Files\Common Files
# automatic
+D = $(patsubst %/,%,$(patsubst %\,%,$(dir $+)))
# makefile (from 'Makefile', line 1)
MAKEFILE_LIST := Makefile
# automatic
@F = $(notdir $@)
# environment
VSCODE_PID = 11084
# environment
CUDA_PATH = C:\Program Files\NVIDIA GPU Computing Toolkit\CUDA\v11.2
# automatic
?D = $(patsubst %/,%,$(patsubst %\,%,$(dir $?)))
# makefile (from 'Makefile', line 3)
INCLUDES = -Iheaders/
# automatic
*F = $(notdir $*)
# environment
SW_SIM_TEMP = C:\ProgramData\SOLIDWORKS\SW_net_sim_temp\
# automatic
<D = $(patsubst %/,%,$(patsubst %\,%,$(dir $<)))
# environment
VSCODE_NLS_CONFIG = {"locale":"en-us","availableLanguages":{},"_languagePackSupport":true}
# environment
ONEDRIVECONSUMER = C:\Users\KennyTruong\OneDrive
# default
MAKE_HOST := Windows32
# makefile (from 'Makefile', line 6)
OBJS = obj/*.o
# environment
PROGRAMDATA = C:\ProgramData
# default
SHELL := sh.exe
# environment
HOMEPATH = \Users\KennyTruong
# default
MAKECMDGOALS := all
# environment
DRIVERDATA = C:\Windows\System32\Drivers\DriverData
# environment
COMSPEC = C:\WINDOWS\system32\cmd.exe
# environment
WINDIR = C:\WINDOWS
# environment
MAKELEVEL := 0
# default
MAKE = $(MAKE_COMMAND)
# environment
PATH = C:\Program Files\NVIDIA GPU Computing Toolkit\CUDA\v11.2\bin;C:\Program Files\NVIDIA GPU Computing Toolkit\CUDA\v11.2\libnvvp;C:\Program Files (x86)\Common Files\Intel\Shared Libraries\redist\intel64\compiler;C:\Program Files (x86)\Razer Chroma SDK\bin;C:\Program Files\Razer Chroma SDK\bin;C:\Program Files (x86)\Razer\ChromaBroadcast\bin;C:\Program Files\Razer\ChromaBroadcast\bin;C:\WINDOWS\system32;C:\WINDOWS;C:\WINDOWS\System32\Wbem;C:\WINDOWS\System32\WindowsPowerShell\v1.0\;C:\WINDOWS\System32\OpenSSH\;C:\Program Files\NVIDIA Corporation\NVIDIA NvDLISR;C:\WINDOWS\system32\config\systemprofile\AppData\Local\Microsoft\WindowsApps;C:\Program Files (x86)\Windows Kits\8.1\Windows Performance Toolkit\;C:\WINDOWS\system32;C:\WINDOWS;C:\WINDOWS\System32\Wbem;C:\WINDOWS\System32\WindowsPowerShell\v1.0\;C:\WINDOWS\System32\OpenSSH\;C:\Program Files\Git\cmd;C:\Program Files\NVIDIA Corporation\Nsight Compute 2020.3.0\;C:\Program Files (x86)\NVIDIA Corporation\PhysX\Common;C:\MinGW\bin;C:\Program Files\dotnet\;C:\Users\KennyTruong\anaconda3;C:\Users\KennyTruong\anaconda3\Library\mingw-w64\bin;C:\Users\KennyTruong\anaconda3\Library\usr\bin;C:\Users\KennyTruong\anaconda3\Library\bin;C:\Users\KennyTruong\anaconda3\Scripts;C:\Users\KennyTruong\AppData\Local\Microsoft\WindowsApps;C:\Users\KennyTruong\AppData\Local\Programs\Microsoft VS Code\bin;C:\Program Files\NVIDIA GPU Computing Toolkit\CUDA\v11.2\bin;C:\Program Files\NVIDIA GPU Computing Toolkit\CUDA\v11.2\libnvvp;C:\Program Files\NVIDIA GPU Computing Toolkit\CUDA\v11.2\extras\CUPTI\lib64;C:\Users\KennyTruong\AppData\Local\GitHubDesktop\bin;C:\MinGW\bin;C:\Users\KennyTruong\.dotnet\tools
# environment
COMPUTERNAME = DESKTOP-H8AKJD8
# default
MAKEFILES := 
# automatic
^F = $(notdir $^)
# environment
SW_SIM_MPIT = INTELMPI
# environment
PROMPT = $P$G
# environment
NVTOOLSEXT_PATH = C:\Program Files\NVIDIA Corporation\NvToolsExt\
# environment
LOGONSERVER = \\DESKTOP-H8AKJD8
# environment
USERNAME = KennyTruong
# environment
COMMONPROGRAMFILES = C:\Program Files (x86)\Common Files
# automatic
?F = $(notdir $?)
# environment
PROGRAMW6432 = C:\Program Files
# environment
PATHEXT = .COM;.EXE;.BAT;.CMD;.VBS;.VBE;.JS;.JSE;.WSF;.WSH;.MSC
# automatic
+F = $(notdir $+)
# environment
ORIGINAL_XDG_CURRENT_DESKTOP = undefined
# environment
USERDOMAIN = AzureAD
# 'override' directive
GNUMAKEFLAGS := 
# environment
OS = Windows_NT
# makefile
.DEFAULT_GOAL := all
# default
MAKE_VERSION := 4.3
# environment
PROGRAMFILES(X86) = C:\Program Files (x86)
# environment
NVCUDASAMPLES_ROOT = C:\ProgramData\NVIDIA Corporation\CUDA Samples\v11.2
# environment
USERDOMAIN_ROAMINGPROFILE = AzureAD
# environment
NUMBER_OF_PROCESSORS = 12
# environment
PUBLIC = C:\Users\Public
# environment
APPDATA = C:\Users\KennyTruong\AppData\Roaming
# makefile (from 'Makefile', line 2)
CFLAGS = -std=c++17 -g -Wall
# environment
HOMEDRIVE = C:
# environment
PROCESSOR_ARCHITECTURE = x86
# environment
VSCODE_AMD_ENTRYPOINT = vs/workbench/api/node/extensionHostProcess
# environment
COMMONPROGRAMFILES(X86) = C:\Program Files (x86)\Common Files
# environment
ELECTRON_RUN_AS_NODE = 1
# environment
TEMP = C:\Users\KENNYT~1\AppData\Local\Temp
# environment
VSCODE_IPC_HOOK = \\.\pipe\a122e0c311fe041437d2cc44ca69b4a3-1.69.1-main-sock
# environment
NVCUDASAMPLES11_2_ROOT = C:\ProgramData\NVIDIA Corporation\CUDA Samples\v11.2
# default
.RECIPEPREFIX := 
# automatic
<F = $(notdir $<)
# default
SUFFIXES := 
# environment
ALLUSERSPROFILE = C:\ProgramData
# makefile (from 'Makefile', line 10)
TARGET = target/atm.exe
# makefile (from 'Makefile', line 4)
LINKER = -lshlwapi
# environment
SESSIONNAME = Console
# default
.FEATURES := target-specif 
ic order-only second-expansion else-if shortest-stem undefine oneshell nocomment grouped-target extra-prereqs archives jobserver output-sync load
# environment
MIC_LD_LIBRARY_PATH = C:\Program Files (x86)\Common Files\Intel\Shared Libraries\compiler\lib\mic
# environment
PROCESSOR_REVISION = 7100
# makefile (from 'Makefile', line 1)
CC = g++
# environment
PROCESSOR_IDENTIFIER = AMD64 Family 23 Model 113 Stepping 0, AuthenticAMD
# variable set hash-table stats:
# Load=110/1024=11%, Rehash=0, Collisions=13/143=9%

# Pattern-specific Variable Values

# No pattern-specific variable values.

# Directories

# . (key c:/Users/KennyTruong/Documents/GitHub/CPP_Banking_System, mtime 1658519990): 16 files, no impossibilities.

# 16 files, no impossibilities in 1 directories.

# Implicit Rules

# No implicit rules.

# Files

create_directories:
#  Implicit rule search has not been done.
#  Implicit/static pattern stem: ''
#  File does not exist.
#  File has been updated.
#  Needs to be updated (-q is set).
# automatic
# @ := create_directories
# automatic
# * := 
# automatic
# < := 
# automatic
# + := 
# automatic
# % := 
# automatic
# ^ := 
# automatic
# ? := 
# automatic
# | := 
# variable set hash-table stats:
# Load=8/32=25%, Rehash=0, Collisions=1/14=7%
#  recipe to execute (from 'Makefile', line 44):
	mkdir -p $(OBJ_DIR)
	mkdir -p $(TARGET_DIR)
	mkdir -p $(DATA_DIR)

display.o:
#  Implicit rule search has not been done.
#  Modification time never checked.
#  File has not been updated.
#  recipe to execute (from 'Makefile', line 32):
	$(CC) $(CFLAGS) $(INCLUDES) -c $(SRC_DIR)/display.cpp -o $(OBJ_DIR)/display.o $(LINKER)

atm.o:
#  Implicit rule search has not been done.
#  Modification time never checked.
#  File has not been updated.
#  recipe to execute (from 'Makefile', line 20):
	$(CC) $(CFLAGS) $(INCLUDES) -c $(SRC_DIR)/atm.cpp -o $(OBJ_DIR)/atm.o $(LINKER)

# Not a target:
Makefile:
#  Implicit rule search has been done.
#  Last modified 2022-08-02 20:40:36
#  File has been updated.
#  Successfully updated.

atm: create_directories display.o user.o customer.o manager.o atm.o sha256.o
#  Implicit rule search has not been done.
#  File does not exist.
#  File has been updated.
#  Needs to be updated (-q is set).
# variable set hash-table stats:
# Load=0/32=0%, Rehash=0, Collisions=0/6=0%
#  recipe to execute (from 'Makefile', line 17):
	$(CC) $(CFLAGS) $(INCLUDES) $(OBJS) -o $(TARGET) $(LINKER)

clean:
#  Implicit rule search has not been done.
#  Modification time never checked.
#  File has not been updated.
#  recipe to execute (from 'Makefile', line 50):
	rm -fr $(OBJ_DIR) $(TARGET_DIR)

# Not a target:
.DEFAULT:
#  Implicit rule search has not been done.
#  Modification time never checked.
#  File has not been updated.

all: atm
#  Command line target.
#  Implicit rule search has been done.
#  File does not exist.
#  File has been updated.
#  Needs to be updated (-q is set).
# variable set hash-table stats:
# Load=0/32=0%, Rehash=0, Collisions=0/6=0%

user.o:
#  Implicit rule search has not been done.
#  Modification time never checked.
#  File has not been updated.
#  recipe to execute (from 'Makefile', line 23):
	$(CC) $(CFLAGS) $(INCLUDES) -c $(SRC_DIR)/user.cpp -o $(OBJ_DIR)/user.o $(LINKER)

customer.o:
#  Implicit rule search has not been done.
#  Modification time never checked.
#  File has not been updated.
#  recipe to execute (from 'Makefile', line 26):
	$(CC) $(CFLAGS) $(INCLUDES) -c $(SRC_DIR)/customer.cpp -o $(OBJ_DIR)/customer.o $(LINKER)

# Not a target:
.SUFFIXES:
#  Implicit rule search has not been done.
#  Modification time never checked.
#  File has not been updated.

utils.o:
#  Implicit rule search has not been done.
#  Modification time never checked.
#  File has not been updated.
#  recipe to execute (from 'Makefile', line 35):
	$(CC) $(CFLAGS) $(INCLUDES) -c $(SRC_DIR)/utils.cpp -o $(OBJ_DIR)/utils.o $(LINKER)

manager.o:
#  Implicit rule search has not been done.
#  Modification time never checked.
#  File has not been updated.
#  recipe to execute (from 'Makefile', line 29):
	$(CC) $(CFLAGS) $(INCLUDES) -c $(SRC_DIR)/manager.cpp -o $(OBJ_DIR)/manager.o $(LINKER)

sha256.o:
#  Implicit rule search has not been done.
#  Modification time never checked.
#  File has not been updated.
#  recipe to execute (from 'Makefile', line 38):
	$(CC) $(CFLAGS) $(INCLUDES) -c $(SRC_DIR)/sha256.cpp -o $(OBJ_DIR)/sha256.o $(LINKER)

# files hash-table stats:
# Load=14/1024=1%, Rehash=0, Collisions=0/42=0%
# VPATH Search Paths

# No 'vpath' search paths.

# No general ('VPATH' variable) search path.

# strcache buffers: 1 (0) / strings = 29 / storage = 219 B / avg = 7 B
# current buf: size = 8174 B / used = 219 B / count = 29 / avg = 7 B

# strcache performance: lookups = 54 / hit rate = 46%
# hash-table stats:
# Load=29/8192=0%, Rehash=0, Collisions=0/54=0%
# Finished Make data base on Tue Aug 02 20:40:41 2022

 
